<?xml version="1.0" encoding="UTF-8"?>
<!-- Generated by org.testng.reporters.JUnitReportReporter -->
<testsuite skipped="0" hostname="Anie" name="by.http.tstng.tstng_study.MailRuTest" tests="1" failures="0" timestamp="26 Dec 2017 18:52:07 GMT" time="27.215" errors="0">
  <testcase name="sendLetter" time="27.215" classname="by.http.tstng.tstng_study.MailRuTest"/>
</testsuite> <!-- by.http.tstng.tstng_study.MailRuTest -->
